<?xml version="1.0" encoding="UTF-8"?>
<!-- Generated by org.testng.reporters.JUnitReportReporter -->
<testsuite hostname="DESKTOP-2V7AGEN" failures="0" tests="4" name="org.com.Task" time="38.849" errors="0" timestamp="2024-09-10T22:33:37 IST" skipped="0">
  <testcase classname="org.com.Task" name="LoginWithValidCredentials" time="10.109"/>
  <system-out/>
  <testcase classname="org.com.Task" name="LoginWithInValidCredentials" time="13.321"/>
  <system-out/>
  <testcase classname="org.com.Task" name="LoginWithEmptyField" time="6.393"/>
  <system-out/>
  <testcase classname="org.com.Task" name="LoginWithSpecialCharacters" time="9.026"/>
  <system-out/>
</testsuite> <!-- org.com.Task -->
